<?xml version="1.0" encoding="UTF-8"?>
<testsuite xmlns:xsi="http://www.w3.org/2001/XMLSchema-instance" xsi:noNamespaceSchemaLocation="https://maven.apache.org/surefire/maven-surefire-plugin/xsd/surefire-test-report-3.0.xsd" version="3.0" name="com.example.hungerbox.HungerboxApplicationTests" time="9.36" tests="1" errors="0" skipped="0" failures="0">
  <properties>
    <property name="java.specification.version" value="20"/>
    <property name="sun.jnu.encoding" value="UTF-8"/>
    <property name="java.class.path" value="/Users/js/Downloads/hungerbox/target/test-classes:/Users/js/Downloads/hungerbox/target/classes:/Users/js/.m2/repository/org/springframework/boot/spring-boot-starter-data-jpa/3.3.0/spring-boot-starter-data-jpa-3.3.0.jar:/Users/js/.m2/repository/org/springframework/boot/spring-boot-starter-aop/3.3.0/spring-boot-starter-aop-3.3.0.jar:/Users/js/.m2/repository/org/springframework/spring-aop/6.1.8/spring-aop-6.1.8.jar:/Users/js/.m2/repository/org/aspectj/aspectjweaver/1.9.22/aspectjweaver-1.9.22.jar:/Users/js/.m2/repository/org/springframework/boot/spring-boot-starter-jdbc/3.3.0/spring-boot-starter-jdbc-3.3.0.jar:/Users/js/.m2/repository/com/zaxxer/HikariCP/5.1.0/HikariCP-5.1.0.jar:/Users/js/.m2/repository/org/springframework/spring-jdbc/6.1.8/spring-jdbc-6.1.8.jar:/Users/js/.m2/repository/org/hibernate/orm/hibernate-core/6.5.2.Final/hibernate-core-6.5.2.Final.jar:/Users/js/.m2/repository/jakarta/persistence/jakarta.persistence-api/3.1.0/jakarta.persistence-api-3.1.0.jar:/Users/js/.m2/repository/jakarta/transaction/jakarta.transaction-api/2.0.1/jakarta.transaction-api-2.0.1.jar:/Users/js/.m2/repository/org/jboss/logging/jboss-logging/3.5.3.Final/jboss-logging-3.5.3.Final.jar:/Users/js/.m2/repository/org/hibernate/common/hibernate-commons-annotations/6.0.6.Final/hibernate-commons-annotations-6.0.6.Final.jar:/Users/js/.m2/repository/io/smallrye/jandex/3.1.2/jandex-3.1.2.jar:/Users/js/.m2/repository/com/fasterxml/classmate/1.7.0/classmate-1.7.0.jar:/Users/js/.m2/repository/net/bytebuddy/byte-buddy/1.14.16/byte-buddy-1.14.16.jar:/Users/js/.m2/repository/org/glassfish/jaxb/jaxb-runtime/4.0.5/jaxb-runtime-4.0.5.jar:/Users/js/.m2/repository/org/glassfish/jaxb/jaxb-core/4.0.5/jaxb-core-4.0.5.jar:/Users/js/.m2/repository/org/eclipse/angus/angus-activation/2.0.2/angus-activation-2.0.2.jar:/Users/js/.m2/repository/org/glassfish/jaxb/txw2/4.0.5/txw2-4.0.5.jar:/Users/js/.m2/repository/com/sun/istack/istack-commons-runtime/4.1.2/istack-commons-runtime-4.1.2.jar:/Users/js/.m2/repository/jakarta/inject/jakarta.inject-api/2.0.1/jakarta.inject-api-2.0.1.jar:/Users/js/.m2/repository/org/antlr/antlr4-runtime/4.13.0/antlr4-runtime-4.13.0.jar:/Users/js/.m2/repository/org/springframework/data/spring-data-jpa/3.3.0/spring-data-jpa-3.3.0.jar:/Users/js/.m2/repository/org/springframework/data/spring-data-commons/3.3.0/spring-data-commons-3.3.0.jar:/Users/js/.m2/repository/org/springframework/spring-orm/6.1.8/spring-orm-6.1.8.jar:/Users/js/.m2/repository/org/springframework/spring-context/6.1.8/spring-context-6.1.8.jar:/Users/js/.m2/repository/org/springframework/spring-tx/6.1.8/spring-tx-6.1.8.jar:/Users/js/.m2/repository/org/springframework/spring-beans/6.1.8/spring-beans-6.1.8.jar:/Users/js/.m2/repository/jakarta/annotation/jakarta.annotation-api/2.1.1/jakarta.annotation-api-2.1.1.jar:/Users/js/.m2/repository/org/slf4j/slf4j-api/2.0.13/slf4j-api-2.0.13.jar:/Users/js/.m2/repository/org/springframework/spring-aspects/6.1.8/spring-aspects-6.1.8.jar:/Users/js/.m2/repository/org/springframework/boot/spring-boot-starter-web/3.3.0/spring-boot-starter-web-3.3.0.jar:/Users/js/.m2/repository/org/springframework/boot/spring-boot-starter/3.3.0/spring-boot-starter-3.3.0.jar:/Users/js/.m2/repository/org/springframework/boot/spring-boot/3.3.0/spring-boot-3.3.0.jar:/Users/js/.m2/repository/org/springframework/boot/spring-boot-autoconfigure/3.3.0/spring-boot-autoconfigure-3.3.0.jar:/Users/js/.m2/repository/org/springframework/boot/spring-boot-starter-logging/3.3.0/spring-boot-starter-logging-3.3.0.jar:/Users/js/.m2/repository/ch/qos/logback/logback-classic/1.5.6/logback-classic-1.5.6.jar:/Users/js/.m2/repository/ch/qos/logback/logback-core/1.5.6/logback-core-1.5.6.jar:/Users/js/.m2/repository/org/apache/logging/log4j/log4j-to-slf4j/2.23.1/log4j-to-slf4j-2.23.1.jar:/Users/js/.m2/repository/org/apache/logging/log4j/log4j-api/2.23.1/log4j-api-2.23.1.jar:/Users/js/.m2/repository/org/slf4j/jul-to-slf4j/2.0.13/jul-to-slf4j-2.0.13.jar:/Users/js/.m2/repository/org/yaml/snakeyaml/2.2/snakeyaml-2.2.jar:/Users/js/.m2/repository/org/springframework/boot/spring-boot-starter-json/3.3.0/spring-boot-starter-json-3.3.0.jar:/Users/js/.m2/repository/com/fasterxml/jackson/core/jackson-databind/2.17.1/jackson-databind-2.17.1.jar:/Users/js/.m2/repository/com/fasterxml/jackson/core/jackson-annotations/2.17.1/jackson-annotations-2.17.1.jar:/Users/js/.m2/repository/com/fasterxml/jackson/core/jackson-core/2.17.1/jackson-core-2.17.1.jar:/Users/js/.m2/repository/com/fasterxml/jackson/datatype/jackson-datatype-jdk8/2.17.1/jackson-datatype-jdk8-2.17.1.jar:/Users/js/.m2/repository/com/fasterxml/jackson/datatype/jackson-datatype-jsr310/2.17.1/jackson-datatype-jsr310-2.17.1.jar:/Users/js/.m2/repository/com/fasterxml/jackson/module/jackson-module-parameter-names/2.17.1/jackson-module-parameter-names-2.17.1.jar:/Users/js/.m2/repository/org/springframework/boot/spring-boot-starter-tomcat/3.3.0/spring-boot-starter-tomcat-3.3.0.jar:/Users/js/.m2/repository/org/apache/tomcat/embed/tomcat-embed-core/10.1.24/tomcat-embed-core-10.1.24.jar:/Users/js/.m2/repository/org/apache/tomcat/embed/tomcat-embed-el/10.1.24/tomcat-embed-el-10.1.24.jar:/Users/js/.m2/repository/org/apache/tomcat/embed/tomcat-embed-websocket/10.1.24/tomcat-embed-websocket-10.1.24.jar:/Users/js/.m2/repository/org/springframework/spring-web/6.1.8/spring-web-6.1.8.jar:/Users/js/.m2/repository/io/micrometer/micrometer-observation/1.13.0/micrometer-observation-1.13.0.jar:/Users/js/.m2/repository/io/micrometer/micrometer-commons/1.13.0/micrometer-commons-1.13.0.jar:/Users/js/.m2/repository/org/springframework/spring-webmvc/6.1.8/spring-webmvc-6.1.8.jar:/Users/js/.m2/repository/org/springframework/spring-expression/6.1.8/spring-expression-6.1.8.jar:/Users/js/.m2/repository/org/projectlombok/lombok/1.18.32/lombok-1.18.32.jar:/Users/js/.m2/repository/org/springdoc/springdoc-openapi-starter-webmvc-ui/2.5.0/springdoc-openapi-starter-webmvc-ui-2.5.0.jar:/Users/js/.m2/repository/org/springdoc/springdoc-openapi-starter-webmvc-api/2.5.0/springdoc-openapi-starter-webmvc-api-2.5.0.jar:/Users/js/.m2/repository/org/springdoc/springdoc-openapi-starter-common/2.5.0/springdoc-openapi-starter-common-2.5.0.jar:/Users/js/.m2/repository/io/swagger/core/v3/swagger-core-jakarta/2.2.21/swagger-core-jakarta-2.2.21.jar:/Users/js/.m2/repository/org/apache/commons/commons-lang3/3.14.0/commons-lang3-3.14.0.jar:/Users/js/.m2/repository/io/swagger/core/v3/swagger-annotations-jakarta/2.2.21/swagger-annotations-jakarta-2.2.21.jar:/Users/js/.m2/repository/io/swagger/core/v3/swagger-models-jakarta/2.2.21/swagger-models-jakarta-2.2.21.jar:/Users/js/.m2/repository/jakarta/validation/jakarta.validation-api/3.0.2/jakarta.validation-api-3.0.2.jar:/Users/js/.m2/repository/com/fasterxml/jackson/dataformat/jackson-dataformat-yaml/2.17.1/jackson-dataformat-yaml-2.17.1.jar:/Users/js/.m2/repository/org/webjars/swagger-ui/5.13.0/swagger-ui-5.13.0.jar:/Users/js/.m2/repository/com/mysql/mysql-connector-j/8.3.0/mysql-connector-j-8.3.0.jar:/Users/js/.m2/repository/org/springframework/boot/spring-boot-starter-test/3.3.0/spring-boot-starter-test-3.3.0.jar:/Users/js/.m2/repository/org/springframework/boot/spring-boot-test/3.3.0/spring-boot-test-3.3.0.jar:/Users/js/.m2/repository/org/springframework/boot/spring-boot-test-autoconfigure/3.3.0/spring-boot-test-autoconfigure-3.3.0.jar:/Users/js/.m2/repository/com/jayway/jsonpath/json-path/2.9.0/json-path-2.9.0.jar:/Users/js/.m2/repository/jakarta/xml/bind/jakarta.xml.bind-api/4.0.2/jakarta.xml.bind-api-4.0.2.jar:/Users/js/.m2/repository/jakarta/activation/jakarta.activation-api/2.1.3/jakarta.activation-api-2.1.3.jar:/Users/js/.m2/repository/net/minidev/json-smart/2.5.1/json-smart-2.5.1.jar:/Users/js/.m2/repository/net/minidev/accessors-smart/2.5.1/accessors-smart-2.5.1.jar:/Users/js/.m2/repository/org/ow2/asm/asm/9.6/asm-9.6.jar:/Users/js/.m2/repository/org/assertj/assertj-core/3.25.3/assertj-core-3.25.3.jar:/Users/js/.m2/repository/org/awaitility/awaitility/4.2.1/awaitility-4.2.1.jar:/Users/js/.m2/repository/org/hamcrest/hamcrest/2.2/hamcrest-2.2.jar:/Users/js/.m2/repository/org/junit/jupiter/junit-jupiter/5.10.2/junit-jupiter-5.10.2.jar:/Users/js/.m2/repository/org/junit/jupiter/junit-jupiter-api/5.10.2/junit-jupiter-api-5.10.2.jar:/Users/js/.m2/repository/org/opentest4j/opentest4j/1.3.0/opentest4j-1.3.0.jar:/Users/js/.m2/repository/org/junit/platform/junit-platform-commons/1.10.2/junit-platform-commons-1.10.2.jar:/Users/js/.m2/repository/org/apiguardian/apiguardian-api/1.1.2/apiguardian-api-1.1.2.jar:/Users/js/.m2/repository/org/junit/jupiter/junit-jupiter-params/5.10.2/junit-jupiter-params-5.10.2.jar:/Users/js/.m2/repository/org/junit/jupiter/junit-jupiter-engine/5.10.2/junit-jupiter-engine-5.10.2.jar:/Users/js/.m2/repository/org/junit/platform/junit-platform-engine/1.10.2/junit-platform-engine-1.10.2.jar:/Users/js/.m2/repository/org/mockito/mockito-core/5.11.0/mockito-core-5.11.0.jar:/Users/js/.m2/repository/net/bytebuddy/byte-buddy-agent/1.14.16/byte-buddy-agent-1.14.16.jar:/Users/js/.m2/repository/org/objenesis/objenesis/3.3/objenesis-3.3.jar:/Users/js/.m2/repository/org/mockito/mockito-junit-jupiter/5.11.0/mockito-junit-jupiter-5.11.0.jar:/Users/js/.m2/repository/org/skyscreamer/jsonassert/1.5.1/jsonassert-1.5.1.jar:/Users/js/.m2/repository/com/vaadin/external/google/android-json/0.0.20131108.vaadin1/android-json-0.0.20131108.vaadin1.jar:/Users/js/.m2/repository/org/springframework/spring-core/6.1.8/spring-core-6.1.8.jar:/Users/js/.m2/repository/org/springframework/spring-jcl/6.1.8/spring-jcl-6.1.8.jar:/Users/js/.m2/repository/org/springframework/spring-test/6.1.8/spring-test-6.1.8.jar:/Users/js/.m2/repository/org/xmlunit/xmlunit-core/2.9.1/xmlunit-core-2.9.1.jar:"/>
    <property name="java.vm.vendor" value="Oracle Corporation"/>
    <property name="sun.arch.data.model" value="64"/>
    <property name="java.vendor.url" value="https://java.oracle.com/"/>
    <property name="user.timezone" value="Asia/Kolkata"/>
    <property name="org.jboss.logging.provider" value="slf4j"/>
    <property name="os.name" value="Mac OS X"/>
    <property name="java.vm.specification.version" value="20"/>
    <property name="sun.java.launcher" value="SUN_STANDARD"/>
    <property name="user.country" value="GB"/>
    <property name="sun.boot.library.path" value="/Users/js/Library/Java/JavaVirtualMachines/openjdk-20.0.2/Contents/Home/lib"/>
    <property name="sun.java.command" value="/Users/js/Downloads/hungerbox/target/surefire/surefirebooter-20240620084651109_3.jar /Users/js/Downloads/hungerbox/target/surefire 2024-06-20T08-46-49_718-jvmRun1 surefire-20240620084651109_1tmp surefire_0-20240620084651109_2tmp"/>
    <property name="http.nonProxyHosts" value="local|*.local|169.254/16|*.169.254/16"/>
    <property name="jdk.debug" value="release"/>
    <property name="surefire.test.class.path" value="/Users/js/Downloads/hungerbox/target/test-classes:/Users/js/Downloads/hungerbox/target/classes:/Users/js/.m2/repository/org/springframework/boot/spring-boot-starter-data-jpa/3.3.0/spring-boot-starter-data-jpa-3.3.0.jar:/Users/js/.m2/repository/org/springframework/boot/spring-boot-starter-aop/3.3.0/spring-boot-starter-aop-3.3.0.jar:/Users/js/.m2/repository/org/springframework/spring-aop/6.1.8/spring-aop-6.1.8.jar:/Users/js/.m2/repository/org/aspectj/aspectjweaver/1.9.22/aspectjweaver-1.9.22.jar:/Users/js/.m2/repository/org/springframework/boot/spring-boot-starter-jdbc/3.3.0/spring-boot-starter-jdbc-3.3.0.jar:/Users/js/.m2/repository/com/zaxxer/HikariCP/5.1.0/HikariCP-5.1.0.jar:/Users/js/.m2/repository/org/springframework/spring-jdbc/6.1.8/spring-jdbc-6.1.8.jar:/Users/js/.m2/repository/org/hibernate/orm/hibernate-core/6.5.2.Final/hibernate-core-6.5.2.Final.jar:/Users/js/.m2/repository/jakarta/persistence/jakarta.persistence-api/3.1.0/jakarta.persistence-api-3.1.0.jar:/Users/js/.m2/repository/jakarta/transaction/jakarta.transaction-api/2.0.1/jakarta.transaction-api-2.0.1.jar:/Users/js/.m2/repository/org/jboss/logging/jboss-logging/3.5.3.Final/jboss-logging-3.5.3.Final.jar:/Users/js/.m2/repository/org/hibernate/common/hibernate-commons-annotations/6.0.6.Final/hibernate-commons-annotations-6.0.6.Final.jar:/Users/js/.m2/repository/io/smallrye/jandex/3.1.2/jandex-3.1.2.jar:/Users/js/.m2/repository/com/fasterxml/classmate/1.7.0/classmate-1.7.0.jar:/Users/js/.m2/repository/net/bytebuddy/byte-buddy/1.14.16/byte-buddy-1.14.16.jar:/Users/js/.m2/repository/org/glassfish/jaxb/jaxb-runtime/4.0.5/jaxb-runtime-4.0.5.jar:/Users/js/.m2/repository/org/glassfish/jaxb/jaxb-core/4.0.5/jaxb-core-4.0.5.jar:/Users/js/.m2/repository/org/eclipse/angus/angus-activation/2.0.2/angus-activation-2.0.2.jar:/Users/js/.m2/repository/org/glassfish/jaxb/txw2/4.0.5/txw2-4.0.5.jar:/Users/js/.m2/repository/com/sun/istack/istack-commons-runtime/4.1.2/istack-commons-runtime-4.1.2.jar:/Users/js/.m2/repository/jakarta/inject/jakarta.inject-api/2.0.1/jakarta.inject-api-2.0.1.jar:/Users/js/.m2/repository/org/antlr/antlr4-runtime/4.13.0/antlr4-runtime-4.13.0.jar:/Users/js/.m2/repository/org/springframework/data/spring-data-jpa/3.3.0/spring-data-jpa-3.3.0.jar:/Users/js/.m2/repository/org/springframework/data/spring-data-commons/3.3.0/spring-data-commons-3.3.0.jar:/Users/js/.m2/repository/org/springframework/spring-orm/6.1.8/spring-orm-6.1.8.jar:/Users/js/.m2/repository/org/springframework/spring-context/6.1.8/spring-context-6.1.8.jar:/Users/js/.m2/repository/org/springframework/spring-tx/6.1.8/spring-tx-6.1.8.jar:/Users/js/.m2/repository/org/springframework/spring-beans/6.1.8/spring-beans-6.1.8.jar:/Users/js/.m2/repository/jakarta/annotation/jakarta.annotation-api/2.1.1/jakarta.annotation-api-2.1.1.jar:/Users/js/.m2/repository/org/slf4j/slf4j-api/2.0.13/slf4j-api-2.0.13.jar:/Users/js/.m2/repository/org/springframework/spring-aspects/6.1.8/spring-aspects-6.1.8.jar:/Users/js/.m2/repository/org/springframework/boot/spring-boot-starter-web/3.3.0/spring-boot-starter-web-3.3.0.jar:/Users/js/.m2/repository/org/springframework/boot/spring-boot-starter/3.3.0/spring-boot-starter-3.3.0.jar:/Users/js/.m2/repository/org/springframework/boot/spring-boot/3.3.0/spring-boot-3.3.0.jar:/Users/js/.m2/repository/org/springframework/boot/spring-boot-autoconfigure/3.3.0/spring-boot-autoconfigure-3.3.0.jar:/Users/js/.m2/repository/org/springframework/boot/spring-boot-starter-logging/3.3.0/spring-boot-starter-logging-3.3.0.jar:/Users/js/.m2/repository/ch/qos/logback/logback-classic/1.5.6/logback-classic-1.5.6.jar:/Users/js/.m2/repository/ch/qos/logback/logback-core/1.5.6/logback-core-1.5.6.jar:/Users/js/.m2/repository/org/apache/logging/log4j/log4j-to-slf4j/2.23.1/log4j-to-slf4j-2.23.1.jar:/Users/js/.m2/repository/org/apache/logging/log4j/log4j-api/2.23.1/log4j-api-2.23.1.jar:/Users/js/.m2/repository/org/slf4j/jul-to-slf4j/2.0.13/jul-to-slf4j-2.0.13.jar:/Users/js/.m2/repository/org/yaml/snakeyaml/2.2/snakeyaml-2.2.jar:/Users/js/.m2/repository/org/springframework/boot/spring-boot-starter-json/3.3.0/spring-boot-starter-json-3.3.0.jar:/Users/js/.m2/repository/com/fasterxml/jackson/core/jackson-databind/2.17.1/jackson-databind-2.17.1.jar:/Users/js/.m2/repository/com/fasterxml/jackson/core/jackson-annotations/2.17.1/jackson-annotations-2.17.1.jar:/Users/js/.m2/repository/com/fasterxml/jackson/core/jackson-core/2.17.1/jackson-core-2.17.1.jar:/Users/js/.m2/repository/com/fasterxml/jackson/datatype/jackson-datatype-jdk8/2.17.1/jackson-datatype-jdk8-2.17.1.jar:/Users/js/.m2/repository/com/fasterxml/jackson/datatype/jackson-datatype-jsr310/2.17.1/jackson-datatype-jsr310-2.17.1.jar:/Users/js/.m2/repository/com/fasterxml/jackson/module/jackson-module-parameter-names/2.17.1/jackson-module-parameter-names-2.17.1.jar:/Users/js/.m2/repository/org/springframework/boot/spring-boot-starter-tomcat/3.3.0/spring-boot-starter-tomcat-3.3.0.jar:/Users/js/.m2/repository/org/apache/tomcat/embed/tomcat-embed-core/10.1.24/tomcat-embed-core-10.1.24.jar:/Users/js/.m2/repository/org/apache/tomcat/embed/tomcat-embed-el/10.1.24/tomcat-embed-el-10.1.24.jar:/Users/js/.m2/repository/org/apache/tomcat/embed/tomcat-embed-websocket/10.1.24/tomcat-embed-websocket-10.1.24.jar:/Users/js/.m2/repository/org/springframework/spring-web/6.1.8/spring-web-6.1.8.jar:/Users/js/.m2/repository/io/micrometer/micrometer-observation/1.13.0/micrometer-observation-1.13.0.jar:/Users/js/.m2/repository/io/micrometer/micrometer-commons/1.13.0/micrometer-commons-1.13.0.jar:/Users/js/.m2/repository/org/springframework/spring-webmvc/6.1.8/spring-webmvc-6.1.8.jar:/Users/js/.m2/repository/org/springframework/spring-expression/6.1.8/spring-expression-6.1.8.jar:/Users/js/.m2/repository/org/projectlombok/lombok/1.18.32/lombok-1.18.32.jar:/Users/js/.m2/repository/org/springdoc/springdoc-openapi-starter-webmvc-ui/2.5.0/springdoc-openapi-starter-webmvc-ui-2.5.0.jar:/Users/js/.m2/repository/org/springdoc/springdoc-openapi-starter-webmvc-api/2.5.0/springdoc-openapi-starter-webmvc-api-2.5.0.jar:/Users/js/.m2/repository/org/springdoc/springdoc-openapi-starter-common/2.5.0/springdoc-openapi-starter-common-2.5.0.jar:/Users/js/.m2/repository/io/swagger/core/v3/swagger-core-jakarta/2.2.21/swagger-core-jakarta-2.2.21.jar:/Users/js/.m2/repository/org/apache/commons/commons-lang3/3.14.0/commons-lang3-3.14.0.jar:/Users/js/.m2/repository/io/swagger/core/v3/swagger-annotations-jakarta/2.2.21/swagger-annotations-jakarta-2.2.21.jar:/Users/js/.m2/repository/io/swagger/core/v3/swagger-models-jakarta/2.2.21/swagger-models-jakarta-2.2.21.jar:/Users/js/.m2/repository/jakarta/validation/jakarta.validation-api/3.0.2/jakarta.validation-api-3.0.2.jar:/Users/js/.m2/repository/com/fasterxml/jackson/dataformat/jackson-dataformat-yaml/2.17.1/jackson-dataformat-yaml-2.17.1.jar:/Users/js/.m2/repository/org/webjars/swagger-ui/5.13.0/swagger-ui-5.13.0.jar:/Users/js/.m2/repository/com/mysql/mysql-connector-j/8.3.0/mysql-connector-j-8.3.0.jar:/Users/js/.m2/repository/org/springframework/boot/spring-boot-starter-test/3.3.0/spring-boot-starter-test-3.3.0.jar:/Users/js/.m2/repository/org/springframework/boot/spring-boot-test/3.3.0/spring-boot-test-3.3.0.jar:/Users/js/.m2/repository/org/springframework/boot/spring-boot-test-autoconfigure/3.3.0/spring-boot-test-autoconfigure-3.3.0.jar:/Users/js/.m2/repository/com/jayway/jsonpath/json-path/2.9.0/json-path-2.9.0.jar:/Users/js/.m2/repository/jakarta/xml/bind/jakarta.xml.bind-api/4.0.2/jakarta.xml.bind-api-4.0.2.jar:/Users/js/.m2/repository/jakarta/activation/jakarta.activation-api/2.1.3/jakarta.activation-api-2.1.3.jar:/Users/js/.m2/repository/net/minidev/json-smart/2.5.1/json-smart-2.5.1.jar:/Users/js/.m2/repository/net/minidev/accessors-smart/2.5.1/accessors-smart-2.5.1.jar:/Users/js/.m2/repository/org/ow2/asm/asm/9.6/asm-9.6.jar:/Users/js/.m2/repository/org/assertj/assertj-core/3.25.3/assertj-core-3.25.3.jar:/Users/js/.m2/repository/org/awaitility/awaitility/4.2.1/awaitility-4.2.1.jar:/Users/js/.m2/repository/org/hamcrest/hamcrest/2.2/hamcrest-2.2.jar:/Users/js/.m2/repository/org/junit/jupiter/junit-jupiter/5.10.2/junit-jupiter-5.10.2.jar:/Users/js/.m2/repository/org/junit/jupiter/junit-jupiter-api/5.10.2/junit-jupiter-api-5.10.2.jar:/Users/js/.m2/repository/org/opentest4j/opentest4j/1.3.0/opentest4j-1.3.0.jar:/Users/js/.m2/repository/org/junit/platform/junit-platform-commons/1.10.2/junit-platform-commons-1.10.2.jar:/Users/js/.m2/repository/org/apiguardian/apiguardian-api/1.1.2/apiguardian-api-1.1.2.jar:/Users/js/.m2/repository/org/junit/jupiter/junit-jupiter-params/5.10.2/junit-jupiter-params-5.10.2.jar:/Users/js/.m2/repository/org/junit/jupiter/junit-jupiter-engine/5.10.2/junit-jupiter-engine-5.10.2.jar:/Users/js/.m2/repository/org/junit/platform/junit-platform-engine/1.10.2/junit-platform-engine-1.10.2.jar:/Users/js/.m2/repository/org/mockito/mockito-core/5.11.0/mockito-core-5.11.0.jar:/Users/js/.m2/repository/net/bytebuddy/byte-buddy-agent/1.14.16/byte-buddy-agent-1.14.16.jar:/Users/js/.m2/repository/org/objenesis/objenesis/3.3/objenesis-3.3.jar:/Users/js/.m2/repository/org/mockito/mockito-junit-jupiter/5.11.0/mockito-junit-jupiter-5.11.0.jar:/Users/js/.m2/repository/org/skyscreamer/jsonassert/1.5.1/jsonassert-1.5.1.jar:/Users/js/.m2/repository/com/vaadin/external/google/android-json/0.0.20131108.vaadin1/android-json-0.0.20131108.vaadin1.jar:/Users/js/.m2/repository/org/springframework/spring-core/6.1.8/spring-core-6.1.8.jar:/Users/js/.m2/repository/org/springframework/spring-jcl/6.1.8/spring-jcl-6.1.8.jar:/Users/js/.m2/repository/org/springframework/spring-test/6.1.8/spring-test-6.1.8.jar:/Users/js/.m2/repository/org/xmlunit/xmlunit-core/2.9.1/xmlunit-core-2.9.1.jar:"/>
    <property name="sun.cpu.endian" value="little"/>
    <property name="user.home" value="/Users/js"/>
    <property name="user.language" value="en"/>
    <property name="java.specification.vendor" value="Oracle Corporation"/>
    <property name="java.version.date" value="2023-07-18"/>
    <property name="java.home" value="/Users/js/Library/Java/JavaVirtualMachines/openjdk-20.0.2/Contents/Home"/>
    <property name="file.separator" value="/"/>
    <property name="basedir" value="/Users/js/Downloads/hungerbox"/>
    <property name="java.vm.compressedOopsMode" value="Zero based"/>
    <property name="line.separator" value="&#10;"/>
    <property name="java.vm.specification.vendor" value="Oracle Corporation"/>
    <property name="java.specification.name" value="Java Platform API Specification"/>
    <property name="FILE_LOG_CHARSET" value="UTF-8"/>
    <property name="java.awt.headless" value="true"/>
    <property name="apple.awt.application.name" value="ForkedBooter"/>
    <property name="surefire.real.class.path" value="/Users/js/Downloads/hungerbox/target/surefire/surefirebooter-20240620084651109_3.jar"/>
    <property name="sun.management.compiler" value="HotSpot 64-Bit Tiered Compilers"/>
    <property name="ftp.nonProxyHosts" value="local|*.local|169.254/16|*.169.254/16"/>
    <property name="java.runtime.version" value="20.0.2+9-78"/>
    <property name="user.name" value="js"/>
    <property name="stdout.encoding" value="UTF-8"/>
    <property name="path.separator" value=":"/>
    <property name="os.version" value="13.6.7"/>
    <property name="java.runtime.name" value="OpenJDK Runtime Environment"/>
    <property name="file.encoding" value="UTF-8"/>
    <property name="java.vm.name" value="OpenJDK 64-Bit Server VM"/>
    <property name="localRepository" value="/Users/js/.m2/repository"/>
    <property name="java.vendor.url.bug" value="https://bugreport.java.com/bugreport/"/>
    <property name="java.io.tmpdir" value="/var/folders/4x/rwtmnjn179vdg8m2sv1gv63m0000gn/T/"/>
    <property name="idea.version" value="2023.2"/>
    <property name="com.zaxxer.hikari.pool_number" value="1"/>
    <property name="java.version" value="20.0.2"/>
    <property name="user.dir" value="/Users/js/Downloads/hungerbox"/>
    <property name="os.arch" value="x86_64"/>
    <property name="java.vm.specification.name" value="Java Virtual Machine Specification"/>
    <property name="PID" value="3110"/>
    <property name="CONSOLE_LOG_CHARSET" value="UTF-8"/>
    <property name="native.encoding" value="UTF-8"/>
    <property name="java.library.path" value="/Users/js/Library/Java/Extensions:/Library/Java/Extensions:/Network/Library/Java/Extensions:/System/Library/Java/Extensions:/usr/lib/java:."/>
    <property name="java.vm.info" value="mixed mode, sharing"/>
    <property name="stderr.encoding" value="UTF-8"/>
    <property name="java.vendor" value="Oracle Corporation"/>
    <property name="java.vm.version" value="20.0.2+9-78"/>
    <property name="sun.io.unicode.encoding" value="UnicodeBig"/>
    <property name="socksNonProxyHosts" value="local|*.local|169.254/16|*.169.254/16"/>
    <property name="java.class.version" value="64.0"/>
    <property name="LOGGED_APPLICATION_NAME" value="[hungerbox] "/>
  </properties>
  <testcase name="contextLoads" classname="com.example.hungerbox.HungerboxApplicationTests" time="0.751">
    <system-out><![CDATA[08:46:52.531 [main] INFO org.springframework.test.context.support.AnnotationConfigContextLoaderUtils -- Could not detect default configuration classes for test class [com.example.hungerbox.HungerboxApplicationTests]: HungerboxApplicationTests does not declare any static, non-private, non-final, nested classes annotated with @Configuration.
08:46:52.726 [main] INFO org.springframework.boot.test.context.SpringBootTestContextBootstrapper -- Found @SpringBootConfiguration com.example.hungerbox.HungerboxApplication for test class com.example.hungerbox.HungerboxApplicationTests
  .   ____          _            __ _ _
 /\\ / ___'_ __ _ _(_)_ __  __ _ \ \ \ \
( ( )\___ | '_ | '_| | '_ \/ _` | \ \ \ \
 \\/  ___)| |_)| | | | | || (_| |  ) ) ) )
  '  |____| .__|_| |_|_| |_\__, | / / / /
 =========|_|==============|___/=/_/_/_/

 :: Spring Boot ::                (v3.3.0)

2024-06-20T08:46:53.623+05:30  INFO 3110 --- [hungerbox] [           main] c.e.hungerbox.HungerboxApplicationTests  : Starting HungerboxApplicationTests using Java 20.0.2 with PID 3110 (started by js in /Users/js/Downloads/hungerbox)
2024-06-20T08:46:53.625+05:30  INFO 3110 --- [hungerbox] [           main] c.e.hungerbox.HungerboxApplicationTests  : The following 1 profile is active: "test"
2024-06-20T08:46:55.208+05:30  INFO 3110 --- [hungerbox] [           main] .s.d.r.c.RepositoryConfigurationDelegate : Bootstrapping Spring Data JPA repositories in DEFAULT mode.
2024-06-20T08:46:55.306+05:30  INFO 3110 --- [hungerbox] [           main] .s.d.r.c.RepositoryConfigurationDelegate : Finished Spring Data repository scanning in 85 ms. Found 1 JPA repository interface.
2024-06-20T08:46:55.993+05:30  INFO 3110 --- [hungerbox] [           main] o.hibernate.jpa.internal.util.LogHelper  : HHH000204: Processing PersistenceUnitInfo [name: default]
2024-06-20T08:46:56.093+05:30  INFO 3110 --- [hungerbox] [           main] org.hibernate.Version                    : HHH000412: Hibernate ORM core version 6.5.2.Final
2024-06-20T08:46:56.153+05:30  INFO 3110 --- [hungerbox] [           main] o.h.c.internal.RegionFactoryInitiator    : HHH000026: Second-level cache disabled
2024-06-20T08:46:56.710+05:30  INFO 3110 --- [hungerbox] [           main] o.s.o.j.p.SpringPersistenceUnitInfo      : No LoadTimeWeaver setup: ignoring JPA class transformer
2024-06-20T08:46:56.753+05:30  INFO 3110 --- [hungerbox] [           main] com.zaxxer.hikari.HikariDataSource       : HikariPool-1 - Starting...
2024-06-20T08:46:57.469+05:30  INFO 3110 --- [hungerbox] [           main] com.zaxxer.hikari.pool.HikariPool        : HikariPool-1 - Added connection com.mysql.cj.jdbc.ConnectionImpl@4f581211
2024-06-20T08:46:57.472+05:30  INFO 3110 --- [hungerbox] [           main] com.zaxxer.hikari.HikariDataSource       : HikariPool-1 - Start completed.
2024-06-20T08:46:58.970+05:30  INFO 3110 --- [hungerbox] [           main] o.h.e.t.j.p.i.JtaPlatformInitiator       : HHH000489: No JTA platform available (set 'hibernate.transaction.jta.platform' to enable JTA platform integration)
2024-06-20T08:46:59.140+05:30  INFO 3110 --- [hungerbox] [           main] j.LocalContainerEntityManagerFactoryBean : Initialized JPA EntityManagerFactory for persistence unit 'default'
2024-06-20T08:46:59.839+05:30  WARN 3110 --- [hungerbox] [           main] JpaBaseConfiguration$JpaWebConfiguration : spring.jpa.open-in-view is enabled by default. Therefore, database queries may be performed during view rendering. Explicitly configure spring.jpa.open-in-view to disable this warning
2024-06-20T08:47:00.733+05:30  INFO 3110 --- [hungerbox] [           main] c.e.hungerbox.HungerboxApplicationTests  : Started HungerboxApplicationTests in 7.654 seconds (process running for 9.405)
]]></system-out>
  </testcase>
</testsuite>